mode: set
github.com/bettercap/bettercap/v2/firewall/firewall_darwin.go:30.52,41.2 3 0
github.com/bettercap/bettercap/v2/firewall/firewall_darwin.go:43.62,44.66 1 0
github.com/bettercap/bettercap/v2/firewall/firewall_darwin.go:44.66,46.3 1 0
github.com/bettercap/bettercap/v2/firewall/firewall_darwin.go:46.8,46.84 1 0
github.com/bettercap/bettercap/v2/firewall/firewall_darwin.go:46.84,48.3 1 0
github.com/bettercap/bettercap/v2/firewall/firewall_darwin.go:48.8,50.3 1 0
github.com/bettercap/bettercap/v2/firewall/firewall_darwin.go:53.77,56.16 3 0
github.com/bettercap/bettercap/v2/firewall/firewall_darwin.go:56.16,58.3 1 0
github.com/bettercap/bettercap/v2/firewall/firewall_darwin.go:61.2,61.49 1 0
github.com/bettercap/bettercap/v2/firewall/firewall_darwin.go:61.49,63.3 1 0
github.com/bettercap/bettercap/v2/firewall/firewall_darwin.go:63.8,63.25 1 0
github.com/bettercap/bettercap/v2/firewall/firewall_darwin.go:63.25,65.3 1 0
github.com/bettercap/bettercap/v2/firewall/firewall_darwin.go:65.8,67.3 1 0
github.com/bettercap/bettercap/v2/firewall/firewall_darwin.go:70.48,72.16 2 0
github.com/bettercap/bettercap/v2/firewall/firewall_darwin.go:72.16,75.3 2 0
github.com/bettercap/bettercap/v2/firewall/firewall_darwin.go:77.2,77.38 1 0
github.com/bettercap/bettercap/v2/firewall/firewall_darwin.go:80.67,82.13 2 0
github.com/bettercap/bettercap/v2/firewall/firewall_darwin.go:82.13,84.3 1 0
github.com/bettercap/bettercap/v2/firewall/firewall_darwin.go:84.8,86.3 1 0
github.com/bettercap/bettercap/v2/firewall/firewall_darwin.go:88.2,88.55 1 0
github.com/bettercap/bettercap/v2/firewall/firewall_darwin.go:88.55,90.3 1 0
github.com/bettercap/bettercap/v2/firewall/firewall_darwin.go:90.8,92.3 1 0
github.com/bettercap/bettercap/v2/firewall/firewall_darwin.go:95.58,97.2 1 0
github.com/bettercap/bettercap/v2/firewall/firewall_darwin.go:99.57,103.24 3 0
github.com/bettercap/bettercap/v2/firewall/firewall_darwin.go:103.24,105.3 1 0
github.com/bettercap/bettercap/v2/firewall/firewall_darwin.go:107.2,107.24 1 0
github.com/bettercap/bettercap/v2/firewall/firewall_darwin.go:107.24,109.3 1 0
github.com/bettercap/bettercap/v2/firewall/firewall_darwin.go:111.2,112.63 1 0
github.com/bettercap/bettercap/v2/firewall/firewall_darwin.go:115.43,117.13 2 0
github.com/bettercap/bettercap/v2/firewall/firewall_darwin.go:117.13,119.3 1 0
github.com/bettercap/bettercap/v2/firewall/firewall_darwin.go:119.8,121.3 1 0
github.com/bettercap/bettercap/v2/firewall/firewall_darwin.go:124.75,127.13 2 0
github.com/bettercap/bettercap/v2/firewall/firewall_darwin.go:127.13,129.17 2 0
github.com/bettercap/bettercap/v2/firewall/firewall_darwin.go:129.17,131.4 1 0
github.com/bettercap/bettercap/v2/firewall/firewall_darwin.go:132.3,134.55 2 0
github.com/bettercap/bettercap/v2/firewall/firewall_darwin.go:134.55,136.4 1 0
github.com/bettercap/bettercap/v2/firewall/firewall_darwin.go:139.3,142.75 2 0
github.com/bettercap/bettercap/v2/firewall/firewall_darwin.go:142.75,144.4 1 0
github.com/bettercap/bettercap/v2/firewall/firewall_darwin.go:145.8,147.17 2 0
github.com/bettercap/bettercap/v2/firewall/firewall_darwin.go:147.17,152.23 4 0
github.com/bettercap/bettercap/v2/firewall/firewall_darwin.go:152.23,154.21 2 0
github.com/bettercap/bettercap/v2/firewall/firewall_darwin.go:154.21,156.6 1 0
github.com/bettercap/bettercap/v2/firewall/firewall_darwin.go:159.4,159.29 1 0
github.com/bettercap/bettercap/v2/firewall/firewall_darwin.go:159.29,162.5 2 0
github.com/bettercap/bettercap/v2/firewall/firewall_darwin.go:162.10,164.5 1 0
github.com/bettercap/bettercap/v2/firewall/firewall_darwin.go:168.2,168.12 1 0
github.com/bettercap/bettercap/v2/firewall/firewall_darwin.go:171.31,173.15 2 0
github.com/bettercap/bettercap/v2/firewall/firewall_darwin.go:173.15,175.3 1 0
github.com/bettercap/bettercap/v2/firewall/firewall_darwin.go:176.2,176.23 1 0
github.com/bettercap/bettercap/v2/firewall/redirection.go:14.106,23.2 1 1
github.com/bettercap/bettercap/v2/firewall/redirection.go:25.38,27.2 1 1
