mode: set
github.com/bettercap/bettercap/v2/routing/tables.go:10.22,14.2 3 0
github.com/bettercap/bettercap/v2/routing/tables.go:16.32,20.2 3 0
github.com/bettercap/bettercap/v2/routing/tables.go:22.59,28.26 4 0
github.com/bettercap/bettercap/v2/routing/tables.go:28.26,29.19 1 0
github.com/bettercap/bettercap/v2/routing/tables.go:29.19,30.79 1 0
github.com/bettercap/bettercap/v2/routing/tables.go:30.79,31.18 1 0
github.com/bettercap/bettercap/v2/routing/tables.go:31.18,33.6 1 0
github.com/bettercap/bettercap/v2/routing/tables.go:38.2,38.16 1 0
github.com/bettercap/bettercap/v2/routing/update_darwin.go:13.32,17.16 3 0
github.com/bettercap/bettercap/v2/routing/update_darwin.go:17.16,19.3 1 0
github.com/bettercap/bettercap/v2/routing/update_darwin.go:21.2,21.51 1 0
github.com/bettercap/bettercap/v2/routing/update_darwin.go:21.51,22.43 1 0
github.com/bettercap/bettercap/v2/routing/update_darwin.go:22.43,24.68 2 0
github.com/bettercap/bettercap/v2/routing/update_darwin.go:24.68,33.97 2 0
github.com/bettercap/bettercap/v2/routing/update_darwin.go:33.97,35.6 1 0
github.com/bettercap/bettercap/v2/routing/update_darwin.go:35.11,37.6 1 0
github.com/bettercap/bettercap/v2/routing/update_darwin.go:39.5,39.33 1 0
github.com/bettercap/bettercap/v2/routing/update_darwin.go:44.2,44.19 1 0
